<?xml version="1.0" encoding="UTF-8"?>
<!-- Generated by org.testng.reporters.JUnitXMLReporter -->
<testsuite hostname="Tejas" ignored="0" name="Learning assertions" tests="1" failures="1" timestamp="30 Mar 2018 04:01:21 GMT" time="0.03" errors="0">
  <testcase name="register" time="0.01" classname="tests.AppReg">
    <failure type="java.lang.AssertionError" message="The following asserts failed:
	expected [Temp] but found [abcd]">
      <![CDATA[java.lang.AssertionError: The following asserts failed:
expected [Temp] but found [abcd]
at tests.AppReg.register(AppReg.java:33)
... Removed 26 stack frames]]>
    </failure>
  </testcase> <!-- register -->
</testsuite> <!-- Learning assertions -->
